# JRE version: OpenJDK Runtime Environment (8.0_212-b04) (build 1.8.0_212-release-1586-b04)
# Java VM: OpenJDK 64-Bit Server VM (25.212-b04 mixed mode windows-amd64 compressed oops)
Heap:
 PSYoungGen      total 146944K, used 20055K [0x000000076b780000, 0x0000000779d80000, 0x00000007c0000000)
  eden space 116736K, 17% used [0x000000076b780000,0x000000076cb15cd8,0x0000000772980000)
  from space 30208K, 0% used [0x0000000772980000,0x0000000772980000,0x0000000774700000)
  to   space 35840K, 0% used [0x0000000777a80000,0x0000000777a80000,0x0000000779d80000)
 ParOldGen       total 290816K, used 49698K [0x00000006c2600000, 0x00000006d4200000, 0x000000076b780000)
  object space 290816K, 17% used [0x00000006c2600000,0x00000006c5688958,0x00000006d4200000)
 Metaspace       used 58620K, capacity 59808K, committed 59992K, reserved 1101824K
  class space    used 7152K, capacity 7459K, committed 7552K, reserved 1048576K
GC Heap History (10 events):
Event: 5.490 GC heap before
{Heap before GC invocations=6 (full 2):
 PSYoungGen      total 101376K, used 10727K [0x000000076b780000, 0x0000000772500000, 0x00000007c0000000)
  eden space 90624K, 0% used [0x000000076b780000,0x000000076b780000,0x0000000771000000)
  from space 10752K, 99% used [0x0000000771a80000,0x00000007724f9c70,0x0000000772500000)
  to   space 10752K, 0% used [0x0000000771000000,0x0000000771000000,0x0000000771a80000)
 ParOldGen       total 116736K, used 17809K [0x00000006c2600000, 0x00000006c9800000, 0x000000076b780000)
  object space 116736K, 15% used [0x00000006c2600000,0x00000006c3764568,0x00000006c9800000)
 Metaspace       used 34742K, capacity 35292K, committed 35456K, reserved 1079296K
  class space    used 4456K, capacity 4633K, committed 4736K, reserved 1048576K
Event: 5.545 GC heap after
Heap after GC invocations=6 (full 2):
 PSYoungGen      total 101376K, used 0K [0x000000076b780000, 0x0000000772500000, 0x00000007c0000000)
  eden space 90624K, 0% used [0x000000076b780000,0x000000076b780000,0x0000000771000000)
  from space 10752K, 0% used [0x0000000771a80000,0x0000000771a80000,0x0000000772500000)
  to   space 10752K, 0% used [0x0000000771000000,0x0000000771000000,0x0000000771a80000)
 ParOldGen       total 190464K, used 19751K [0x00000006c2600000, 0x00000006ce000000, 0x000000076b780000)
  object space 190464K, 10% used [0x00000006c2600000,0x00000006c3949ed0,0x00000006ce000000)
 Metaspace       used 34742K, capacity 35292K, committed 35456K, reserved 1079296K
  class space    used 4456K, capacity 4633K, committed 4736K, reserved 1048576K
}
Event: 7.647 GC heap before
{Heap before GC invocations=7 (full 2):
 PSYoungGen      total 101376K, used 90624K [0x000000076b780000, 0x0000000772500000, 0x00000007c0000000)
  eden space 90624K, 100% used [0x000000076b780000,0x0000000771000000,0x0000000771000000)
  from space 10752K, 0% used [0x0000000771a80000,0x0000000771a80000,0x0000000772500000)
  to   space 10752K, 0% used [0x0000000771000000,0x0000000771000000,0x0000000771a80000)
 ParOldGen       total 190464K, used 19751K [0x00000006c2600000, 0x00000006ce000000, 0x000000076b780000)
  object space 190464K, 10% used [0x00000006c2600000,0x00000006c3949ed0,0x00000006ce000000)
 Metaspace       used 44245K, capacity 44986K, committed 45312K, reserved 1089536K
  class space    used 5571K, capacity 5800K, committed 5888K, reserved 1048576K
Event: 7.669 GC heap after
Heap after GC invocations=7 (full 2):
 PSYoungGen      total 101376K, used 10732K [0x000000076b780000, 0x0000000775c80000, 0x00000007c0000000)
  eden space 90624K, 0% used [0x000000076b780000,0x000000076b780000,0x0000000771000000)
  from space 10752K, 99% used [0x0000000771000000,0x0000000771a7b0e8,0x0000000771a80000)
  to   space 22016K, 0% used [0x0000000774700000,0x0000000774700000,0x0000000775c80000)
 ParOldGen       total 190464K, used 28723K [0x00000006c2600000, 0x00000006ce000000, 0x000000076b780000)
  object space 190464K, 15% used [0x00000006c2600000,0x00000006c420ce70,0x00000006ce000000)
 Metaspace       used 44245K, capacity 44986K, committed 45312K, reserved 1089536K
  class space    used 5571K, capacity 5800K, committed 5888K, reserved 1048576K
}
Event: 10.049 GC heap before
{Heap before GC invocations=8 (full 2):
 PSYoungGen      total 101376K, used 101356K [0x000000076b780000, 0x0000000775c80000, 0x00000007c0000000)
  eden space 90624K, 100% used [0x000000076b780000,0x0000000771000000,0x0000000771000000)
  from space 10752K, 99% used [0x0000000771000000,0x0000000771a7b0e8,0x0000000771a80000)
  to   space 22016K, 0% used [0x0000000774700000,0x0000000774700000,0x0000000775c80000)
 ParOldGen       total 190464K, used 28723K [0x00000006c2600000, 0x00000006ce000000, 0x000000076b780000)
  object space 190464K, 15% used [0x00000006c2600000,0x00000006c420ce70,0x00000006ce000000)
 Metaspace       used 50568K, capacity 51614K, committed 51840K, reserved 1093632K
  class space    used 6378K, capacity 6676K, committed 6784K, reserved 1048576K
Event: 10.081 GC heap after
Heap after GC invocations=8 (full 2):
 PSYoungGen      total 138752K, used 21994K [0x000000076b780000, 0x0000000776c80000, 0x00000007c0000000)
  eden space 116736K, 0% used [0x000000076b780000,0x000000076b780000,0x0000000772980000)
  from space 22016K, 99% used [0x0000000774700000,0x0000000775c7abd0,0x0000000775c80000)
  to   space 30208K, 0% used [0x0000000772980000,0x0000000772980000,0x0000000774700000)
 ParOldGen       total 190464K, used 38388K [0x00000006c2600000, 0x00000006ce000000, 0x000000076b780000)
  object space 190464K, 20% used [0x00000006c2600000,0x00000006c4b7d0c0,0x00000006ce000000)
 Metaspace       used 50568K, capacity 51614K, committed 51840K, reserved 1093632K
  class space    used 6378K, capacity 6676K, committed 6784K, reserved 1048576K
}
Event: 11.868 GC heap before
{Heap before GC invocations=9 (full 2):
 PSYoungGen      total 138752K, used 72623K [0x000000076b780000, 0x0000000776c80000, 0x00000007c0000000)
  eden space 116736K, 43% used [0x000000076b780000,0x000000076e8f1320,0x0000000772980000)
  from space 22016K, 99% used [0x0000000774700000,0x0000000775c7abd0,0x0000000775c80000)
  to   space 30208K, 0% used [0x0000000772980000,0x0000000772980000,0x0000000774700000)
 ParOldGen       total 190464K, used 38388K [0x00000006c2600000, 0x00000006ce000000, 0x000000076b780000)
  object space 190464K, 20% used [0x00000006c2600000,0x00000006c4b7d0c0,0x00000006ce000000)
 Metaspace       used 57920K, capacity 59022K, committed 59096K, reserved 1101824K
  class space    used 7116K, capacity 7416K, committed 7424K, reserved 1048576K
Event: 11.903 GC heap after
Heap after GC invocations=9 (full 2):
 PSYoungGen      total 146944K, used 30203K [0x000000076b780000, 0x0000000779d80000, 0x00000007c0000000)
  eden space 116736K, 0% used [0x000000076b780000,0x000000076b780000,0x0000000772980000)
  from space 30208K, 99% used [0x0000000772980000,0x00000007746fed88,0x0000000774700000)
  to   space 35840K, 0% used [0x0000000777a80000,0x0000000777a80000,0x0000000779d80000)
 ParOldGen       total 190464K, used 40404K [0x00000006c2600000, 0x00000006ce000000, 0x000000076b780000)
  object space 190464K, 21% used [0x00000006c2600000,0x00000006c4d75100,0x00000006ce000000)
 Metaspace       used 57920K, capacity 59022K, committed 59096K, reserved 1101824K
  class space    used 7116K, capacity 7416K, committed 7424K, reserved 1048576K
}
Event: 11.903 GC heap before
{Heap before GC invocations=10 (full 3):
 PSYoungGen      total 146944K, used 30203K [0x000000076b780000, 0x0000000779d80000, 0x00000007c0000000)
  eden space 116736K, 0% used [0x000000076b780000,0x000000076b780000,0x0000000772980000)
  from space 30208K, 99% used [0x0000000772980000,0x00000007746fed88,0x0000000774700000)
  to   space 35840K, 0% used [0x0000000777a80000,0x0000000777a80000,0x0000000779d80000)
 ParOldGen       total 190464K, used 40404K [0x00000006c2600000, 0x00000006ce000000, 0x000000076b780000)
  object space 190464K, 21% used [0x00000006c2600000,0x00000006c4d75100,0x00000006ce000000)
 Metaspace       used 57920K, capacity 59022K, committed 59096K, reserved 1101824K
  class space    used 7116K, capacity 7416K, committed 7424K, reserved 1048576K
Event: 12.158 GC heap after
Heap after GC invocations=10 (full 3):
 PSYoungGen      total 146944K, used 0K [0x000000076b780000, 0x0000000779d80000, 0x00000007c0000000)
  eden space 116736K, 0% used [0x000000076b780000,0x000000076b780000,0x0000000772980000)
  from space 30208K, 0% used [0x0000000772980000,0x0000000772980000,0x0000000774700000)
  to   space 35840K, 0% used [0x0000000777a80000,0x0000000777a80000,0x0000000779d80000)
 ParOldGen       total 290816K, used 49698K [0x00000006c2600000, 0x00000006d4200000, 0x000000076b780000)
  object space 290816K, 17% used [0x00000006c2600000,0x00000006c5688958,0x00000006d4200000)
 Metaspace       used 57920K, capacity 59022K, committed 59096K, reserved 1101824K
  class space    used 7116K, capacity 7416K, committed 7424K, reserved 1048576K
}

